Using pre-set license
Built from '2020.2/staging' branch; Version is '2020.2.6f1 (8a2143876886) revision 9052483'; Using compiler version '192528614'; Build Type 'Release'
OS: 'Windows 10 Pro; OS build 18363.1440; Version 1909; 64bit' Language: 'ko' Physical Memory: 32694 MB
BatchMode: 1, IsHumanControllingUs: 0, StartBugReporterOnCrash: 0, Is64bit: 1, IsPro: 0

 COMMAND LINE ARGUMENTS:
C:\Program Files\Unity\Hub\Editor\2020.2.6f1\Editor\Unity.exe
-adb2
-batchMode
-noUpm
-name
AssetImportWorker0
-projectPath
C:/Users/super/Documents/Unity/ShootingGame
-logFile
Logs/AssetImportWorker0.log
-srvPort
5342
Successfully changed project path to: C:/Users/super/Documents/Unity/ShootingGame
C:/Users/super/Documents/Unity/ShootingGame
Using Asset Import Pipeline V2.
Refreshing native plugins compatible for Editor in 16.78 ms, found 0 plugins.
Preloading 0 native plugins for Editor in 0.00 ms.
Initialize engine version: 2020.2.6f1 (8a2143876886)
[Subsystems] Discovering subsystems at path C:/Program Files/Unity/Hub/Editor/2020.2.6f1/Editor/Data/Resources/UnitySubsystems
[Subsystems] Discovering subsystems at path C:/Users/super/Documents/Unity/ShootingGame/Assets
GfxDevice: creating device client; threaded=0
Direct3D:
    Version:  Direct3D 11.0 [level 11.1]
    Renderer: NVIDIA GeForce RTX 3070 (ID=0x2484)
    Vendor:   
    VRAM:     8043 MB
    Driver:   27.21.14.6109
Initialize mono
Mono path[0] = 'C:/Program Files/Unity/Hub/Editor/2020.2.6f1/Editor/Data/Managed'
Mono path[1] = 'C:/Program Files/Unity/Hub/Editor/2020.2.6f1/Editor/Data/MonoBleedingEdge/lib/mono/unityjit'
Mono config path = 'C:/Program Files/Unity/Hub/Editor/2020.2.6f1/Editor/Data/MonoBleedingEdge/etc'
Using monoOptions --debugger-agent=transport=dt_socket,embedding=1,server=y,suspend=n,address=127.0.0.1:56236
Begin MonoManager ReloadAssembly
Registering precompiled unity dll's ...
Register platform support module: C:/Program Files/Unity/Hub/Editor/2020.2.6f1/Editor/Data/PlaybackEngines/WindowsStandaloneSupport/UnityEditor.WindowsStandalone.Extensions.dll
Registered in 0.001179 seconds.
Native extension for WindowsStandalone target not found
Refreshing native plugins compatible for Editor in 17.06 ms, found 0 plugins.
Preloading 0 native plugins for Editor in 0.00 ms.
Invoked RoslynAnalysisRunner static constructor.
RoslynAnalysisRunner will not be running.
RoslynAnalysisRunner has terminated.
Mono: successfully reloaded assembly
- Completed reload, in  0.678 seconds
Platform modules already initialized, skipping
Registering precompiled user dll's ...
Registered in 0.000498 seconds.
Begin MonoManager ReloadAssembly
Native extension for WindowsStandalone target not found
Refreshing native plugins compatible for Editor in 0.20 ms, found 0 plugins.
Preloading 0 native plugins for Editor in 0.00 ms.
Invoked RoslynAnalysisRunner static constructor.
RoslynAnalysisRunner will not be running.
RoslynAnalysisRunner has terminated.
Mono: successfully reloaded assembly
- Completed reload, in  0.557 seconds
Platform modules already initialized, skipping
========================================================================
Worker process is ready to serve import requests
Launched and connected shader compiler UnityShaderCompiler.exe after 0.07 seconds
Refreshing native plugins compatible for Editor in 0.30 ms, found 0 plugins.
Preloading 0 native plugins for Editor in 0.00 ms.
Unloading 1111 Unused Serialized files (Serialized files now loaded: 0)
System memory in use before: 59.9 MB.
System memory in use after: 59.9 MB.

Unloading 9 unused Assets to reduce memory usage. Loaded Objects now: 1556.
Total: 1.376000 ms (FindLiveObjects: 0.120400 ms CreateObjectMapping: 0.026100 ms MarkObjects: 1.179700 ms  DeleteObjects: 0.049200 ms)

========================================================================
Received Import Request.
  path: Assets/Prefab/Enemy.prefab
  artifactKey: Guid(6a6ad18cc945e6f4b9054efca4dd5db7) Importer(815301076,1909f56bfc062723c751e8b465ee728b)
Start importing Assets/Prefab/Enemy.prefab using Guid(6a6ad18cc945e6f4b9054efca4dd5db7) Importer(815301076,1909f56bfc062723c751e8b465ee728b)  -> (artifact id: 'a9271b8ca61f203420fe69857a976364') in 0.103338 seconds
  Import took 0.105377 seconds .

========================================================================
Received Prepare
Refreshing native plugins compatible for Editor in 1.32 ms, found 0 plugins.
Preloading 0 native plugins for Editor in 0.00 ms.
Unloading 3 Unused Serialized files (Serialized files now loaded: 0)
System memory in use before: 41.1 MB.
System memory in use after: 41.2 MB.

Unloading 2 unused Assets to reduce memory usage. Loaded Objects now: 1563.
Total: 1.915200 ms (FindLiveObjects: 0.178700 ms CreateObjectMapping: 0.028800 ms MarkObjects: 1.695000 ms  DeleteObjects: 0.011800 ms)

========================================================================
Received Import Request.
  Time since last request: 82.196987 seconds.
  path: Assets/Prefab/Enemy.prefab
  artifactKey: Guid(6a6ad18cc945e6f4b9054efca4dd5db7) Importer(815301076,1909f56bfc062723c751e8b465ee728b)
Start importing Assets/Prefab/Enemy.prefab using Guid(6a6ad18cc945e6f4b9054efca4dd5db7) Importer(815301076,1909f56bfc062723c751e8b465ee728b)  -> (artifact id: '419067ae7e87613be6d6e10174b4ff0f') in 0.035629 seconds
  Import took 0.037371 seconds .

========================================================================
Received Import Request.
  Time since last request: 19.600724 seconds.
  path: Assets/Prefab/Enemy.prefab
  artifactKey: Guid(6a6ad18cc945e6f4b9054efca4dd5db7) Importer(815301076,1909f56bfc062723c751e8b465ee728b)
Start importing Assets/Prefab/Enemy.prefab using Guid(6a6ad18cc945e6f4b9054efca4dd5db7) Importer(815301076,1909f56bfc062723c751e8b465ee728b)  -> (artifact id: 'a15d563a9c2af97e31b96ada5bb9dd6a') in 0.025456 seconds
  Import took 0.027373 seconds .

========================================================================
Received Import Request.
  Time since last request: 22.198374 seconds.
  path: Assets/Scripts/EnemyManager.cs
  artifactKey: Guid(ea8d4f0f718f14e4da70184ecd6ee2a3) Importer(815301076,1909f56bfc062723c751e8b465ee728b)
Start importing Assets/Scripts/EnemyManager.cs using Guid(ea8d4f0f718f14e4da70184ecd6ee2a3) Importer(815301076,1909f56bfc062723c751e8b465ee728b)  -> (artifact id: '5895631dfca76d1e14ed0790e86e77ca') in 0.009400 seconds
  Import took 0.011153 seconds .

========================================================================
Received Prepare
Registering precompiled user dll's ...
Registered in 0.000496 seconds.
Begin MonoManager ReloadAssembly
Native extension for WindowsStandalone target not found
Refreshing native plugins compatible for Editor in 0.32 ms, found 0 plugins.
Preloading 0 native plugins for Editor in 0.00 ms.
Invoked RoslynAnalysisRunner static constructor.
RoslynAnalysisRunner will not be running.
RoslynAnalysisRunner has terminated.
Mono: successfully reloaded assembly
- Completed reload, in  0.532 seconds
Platform modules already initialized, skipping
Refreshing native plugins compatible for Editor in 0.36 ms, found 0 plugins.
Preloading 0 native plugins for Editor in 0.00 ms.
Unloading 1106 Unused Serialized files (Serialized files now loaded: 0)
System memory in use before: 63.0 MB.
System memory in use after: 63.1 MB.

Unloading 4 unused Assets to reduce memory usage. Loaded Objects now: 1565.
Total: 2.092300 ms (FindLiveObjects: 0.216400 ms CreateObjectMapping: 0.047000 ms MarkObjects: 1.815300 ms  DeleteObjects: 0.012700 ms)

AssetImportWorkerClient::OnTransportError - code=2 error=End of file
