Using pre-set license
Built from '2020.2/staging' branch; Version is '2020.2.6f1 (8a2143876886) revision 9052483'; Using compiler version '192528614'; Build Type 'Release'
OS: 'Windows 10 Pro; OS build 18363.1440; Version 1909; 64bit' Language: 'ko' Physical Memory: 32694 MB
BatchMode: 1, IsHumanControllingUs: 0, StartBugReporterOnCrash: 0, Is64bit: 1, IsPro: 0

 COMMAND LINE ARGUMENTS:
C:\Program Files\Unity\Hub\Editor\2020.2.6f1\Editor\Unity.exe
-adb2
-batchMode
-noUpm
-name
AssetImportWorker0
-projectPath
C:/Users/super/Documents/Unity/ShootingGame
-logFile
Logs/AssetImportWorker0.log
-srvPort
11247
Successfully changed project path to: C:/Users/super/Documents/Unity/ShootingGame
C:/Users/super/Documents/Unity/ShootingGame
Using Asset Import Pipeline V2.
Refreshing native plugins compatible for Editor in 20.00 ms, found 0 plugins.
Preloading 0 native plugins for Editor in 0.00 ms.
Initialize engine version: 2020.2.6f1 (8a2143876886)
[Subsystems] Discovering subsystems at path C:/Program Files/Unity/Hub/Editor/2020.2.6f1/Editor/Data/Resources/UnitySubsystems
[Subsystems] Discovering subsystems at path C:/Users/super/Documents/Unity/ShootingGame/Assets
GfxDevice: creating device client; threaded=0
Direct3D:
    Version:  Direct3D 11.0 [level 11.1]
    Renderer: NVIDIA GeForce RTX 3070 (ID=0x2484)
    Vendor:   
    VRAM:     8043 MB
    Driver:   27.21.14.6109
Initialize mono
Mono path[0] = 'C:/Program Files/Unity/Hub/Editor/2020.2.6f1/Editor/Data/Managed'
Mono path[1] = 'C:/Program Files/Unity/Hub/Editor/2020.2.6f1/Editor/Data/MonoBleedingEdge/lib/mono/unityjit'
Mono config path = 'C:/Program Files/Unity/Hub/Editor/2020.2.6f1/Editor/Data/MonoBleedingEdge/etc'
Using monoOptions --debugger-agent=transport=dt_socket,embedding=1,server=y,suspend=n,address=127.0.0.1:56464
Begin MonoManager ReloadAssembly
Registering precompiled unity dll's ...
Register platform support module: C:/Program Files/Unity/Hub/Editor/2020.2.6f1/Editor/Data/PlaybackEngines/WindowsStandaloneSupport/UnityEditor.WindowsStandalone.Extensions.dll
Registered in 0.001246 seconds.
Native extension for WindowsStandalone target not found
Refreshing native plugins compatible for Editor in 22.81 ms, found 0 plugins.
Preloading 0 native plugins for Editor in 0.00 ms.
Invoked RoslynAnalysisRunner static constructor.
RoslynAnalysisRunner will not be running.
RoslynAnalysisRunner has terminated.
Mono: successfully reloaded assembly
- Completed reload, in  0.686 seconds
Platform modules already initialized, skipping
Registering precompiled user dll's ...
Registered in 0.000791 seconds.
Begin MonoManager ReloadAssembly
Native extension for WindowsStandalone target not found
Refreshing native plugins compatible for Editor in 0.26 ms, found 0 plugins.
Preloading 0 native plugins for Editor in 0.00 ms.
Invoked RoslynAnalysisRunner static constructor.
RoslynAnalysisRunner will not be running.
RoslynAnalysisRunner has terminated.
Mono: successfully reloaded assembly
- Completed reload, in  0.511 seconds
Platform modules already initialized, skipping
========================================================================
Worker process is ready to serve import requests
Launched and connected shader compiler UnityShaderCompiler.exe after 0.07 seconds
Refreshing native plugins compatible for Editor in 0.42 ms, found 0 plugins.
Preloading 0 native plugins for Editor in 0.00 ms.
Unloading 1149 Unused Serialized files (Serialized files now loaded: 0)
System memory in use before: 61.3 MB.
System memory in use after: 61.4 MB.

Unloading 10 unused Assets to reduce memory usage. Loaded Objects now: 1598.
Total: 1.577600 ms (FindLiveObjects: 0.125600 ms CreateObjectMapping: 0.045300 ms MarkObjects: 1.346200 ms  DeleteObjects: 0.059700 ms)

========================================================================
Received Import Request.
  path: Assets/Prefabs/Bullet.prefab
  artifactKey: Guid(d9e7accfb9d98aa41905ec13d93aa9e2) Importer(815301076,1909f56bfc062723c751e8b465ee728b)
Start importing Assets/Prefabs/Bullet.prefab using Guid(d9e7accfb9d98aa41905ec13d93aa9e2) Importer(815301076,1909f56bfc062723c751e8b465ee728b)  -> (artifact id: 'f7be895614b9cbaa3512a12360c2d833') in 0.080628 seconds
  Import took 0.082268 seconds .

========================================================================
Received Import Request.
  Time since last request: 74.688709 seconds.
  path: Assets/Prefabs/Bullet.prefab
  artifactKey: Guid(d9e7accfb9d98aa41905ec13d93aa9e2) Importer(815301076,1909f56bfc062723c751e8b465ee728b)
Start importing Assets/Prefabs/Bullet.prefab using Guid(d9e7accfb9d98aa41905ec13d93aa9e2) Importer(815301076,1909f56bfc062723c751e8b465ee728b)  -> (artifact id: '74680acbade3484453f028f2da87308b') in 0.012694 seconds
  Import took 0.014318 seconds .

========================================================================
Received Import Request.
  Time since last request: 0.981297 seconds.
  path: Assets/Materials/Mat_Background.mat
  artifactKey: Guid(833444c0f1490bd40a5507e2caaadba1) Importer(815301076,1909f56bfc062723c751e8b465ee728b)
Start importing Assets/Materials/Mat_Background.mat using Guid(833444c0f1490bd40a5507e2caaadba1) Importer(815301076,1909f56bfc062723c751e8b465ee728b)  -> (artifact id: '4ffd5dfa2bcc34aebdc3c9de043b8cf0') in 0.038615 seconds
  Import took 0.040281 seconds .

========================================================================
Received Import Request.
  Time since last request: 169.442589 seconds.
  path: Assets/Font/210 옴니고딕 040.ttf
  artifactKey: Guid(31a4c30da7454fd4ab4d36e43661f96c) Importer(815301076,1909f56bfc062723c751e8b465ee728b)
Start importing Assets/Font/210 옴니고딕 040.ttf using Guid(31a4c30da7454fd4ab4d36e43661f96c) Importer(815301076,1909f56bfc062723c751e8b465ee728b)  -> (artifact id: 'bec5ef0b44eb31449a88869cc8944424') in 0.035567 seconds
  Import took 0.037261 seconds .

========================================================================
Received Prepare
Registering precompiled user dll's ...
Registered in 0.000794 seconds.
Begin MonoManager ReloadAssembly
Native extension for WindowsStandalone target not found
Refreshing native plugins compatible for Editor in 0.26 ms, found 0 plugins.
Preloading 0 native plugins for Editor in 0.00 ms.
Invoked RoslynAnalysisRunner static constructor.
RoslynAnalysisRunner will not be running.
RoslynAnalysisRunner has terminated.
Mono: successfully reloaded assembly
- Completed reload, in  0.497 seconds
Platform modules already initialized, skipping
Refreshing native plugins compatible for Editor in 0.42 ms, found 0 plugins.
Preloading 0 native plugins for Editor in 0.00 ms.
Unloading 1142 Unused Serialized files (Serialized files now loaded: 0)
System memory in use before: 64.6 MB.
System memory in use after: 64.7 MB.

Unloading 5 unused Assets to reduce memory usage. Loaded Objects now: 1644.
Total: 1.318000 ms (FindLiveObjects: 0.104000 ms CreateObjectMapping: 0.026400 ms MarkObjects: 1.175500 ms  DeleteObjects: 0.011200 ms)

========================================================================
Received Prepare
Registering precompiled user dll's ...
Registered in 0.000742 seconds.
Begin MonoManager ReloadAssembly
Native extension for WindowsStandalone target not found
Refreshing native plugins compatible for Editor in 0.27 ms, found 0 plugins.
Preloading 0 native plugins for Editor in 0.00 ms.
Invoked RoslynAnalysisRunner static constructor.
RoslynAnalysisRunner will not be running.
RoslynAnalysisRunner has terminated.
Mono: successfully reloaded assembly
- Completed reload, in  0.479 seconds
Platform modules already initialized, skipping
Refreshing native plugins compatible for Editor in 0.41 ms, found 0 plugins.
Preloading 0 native plugins for Editor in 0.00 ms.
Unloading 1142 Unused Serialized files (Serialized files now loaded: 0)
System memory in use before: 64.6 MB.
System memory in use after: 64.7 MB.

Unloading 5 unused Assets to reduce memory usage. Loaded Objects now: 1646.
Total: 1.347200 ms (FindLiveObjects: 0.177300 ms CreateObjectMapping: 0.025400 ms MarkObjects: 1.129900 ms  DeleteObjects: 0.013500 ms)

